<?xml version="1.0" encoding="UTF-8"?>
<!-- Generated by org.testng.reporters.JUnitReportReporter -->
<testsuite hostname="immanuels-mbp.lan" failures="0" tests="2" name="com.BaseTest" time="0.011" errors="0" timestamp="2023-10-01T12:56:41 EDT" skipped="0">
  <testcase classname="com.BaseTest" name="f" time="0.001"/>
  <testcase classname="com.BaseTest" name="f" time="0.010"/>
</testsuite> <!-- com.BaseTest -->
