<?xml version="1.0" encoding="UTF-8"?>
<!-- Generated by org.testng.reporters.JUnitReportReporter -->
<testsuite hostname="immanuels-mbp.lan" failures="0" tests="2" name="com.UnitTest" time="0.005" errors="0" timestamp="2023-10-01T13:09:27 EDT" skipped="0">
  <testcase classname="com.UnitTest" name="test3" time="0.003"/>
  <testcase classname="com.UnitTest" name="test2" time="0.002"/>
</testsuite> <!-- com.UnitTest -->
